[debug] [2024-06-24T12:29:24.865Z] ----------------------------------------------------------------------
[debug] [2024-06-24T12:29:24.869Z] Command:       /home/adriantori/.nvm/versions/node/v20.15.0/bin/node /home/adriantori/.nvm/versions/node/v20.15.0/bin/firebase emulators:start --only functions
[debug] [2024-06-24T12:29:24.870Z] CLI Version:   13.11.4
[debug] [2024-06-24T12:29:24.870Z] Platform:      linux
[debug] [2024-06-24T12:29:24.870Z] Node Version:  v20.15.0
[debug] [2024-06-24T12:29:24.871Z] Time:          Mon Jun 24 2024 19:29:24 GMT+0700 (Western Indonesia Time)
[debug] [2024-06-24T12:29:24.871Z] ----------------------------------------------------------------------
[debug] 
[debug] [2024-06-24T12:29:25.109Z] > command requires scopes: ["email","openid","https://www.googleapis.com/auth/cloudplatformprojects.readonly","https://www.googleapis.com/auth/firebase","https://www.googleapis.com/auth/cloud-platform"]
[debug] [2024-06-24T12:29:25.110Z] > authorizing via signed-in user (adriantori11@gmail.com)
[info] i  emulators: Starting emulators: functions {"metadata":{"emulator":{"name":"hub"},"message":"Starting emulators: functions"}}
[debug] [2024-06-24T12:29:25.121Z] [logging] Logging Emulator only supports listening on one address (127.0.0.1). Not listening on ::1
[debug] [2024-06-24T12:29:25.122Z] assigned listening specs for emulators {"user":{"hub":[{"address":"127.0.0.1","family":"IPv4","port":4400},{"address":"::1","family":"IPv6","port":4400}],"ui":[{"address":"127.0.0.1","family":"IPv4","port":4000},{"address":"::1","family":"IPv6","port":4000}],"logging":[{"address":"127.0.0.1","family":"IPv4","port":4500}]},"metadata":{"message":"assigned listening specs for emulators"}}
[debug] [2024-06-24T12:29:25.137Z] [hub] writing locator at /tmp/hub-ebuddy-11b3e.json
[debug] [2024-06-24T12:29:25.175Z] [functions] Functions Emulator only supports listening on one address (127.0.0.1). Not listening on ::1
[debug] [2024-06-24T12:29:25.176Z] [eventarc] Eventarc Emulator only supports listening on one address (127.0.0.1). Not listening on ::1
[debug] [2024-06-24T12:29:25.176Z] late-assigned ports for functions and eventarc emulators {"user":{"hub":[{"address":"127.0.0.1","family":"IPv4","port":4400},{"address":"::1","family":"IPv6","port":4400}],"ui":[{"address":"127.0.0.1","family":"IPv4","port":4000},{"address":"::1","family":"IPv6","port":4000}],"logging":[{"address":"127.0.0.1","family":"IPv4","port":4500}],"functions":[{"address":"127.0.0.1","family":"IPv4","port":5001}],"eventarc":[{"address":"127.0.0.1","family":"IPv4","port":9299}]},"metadata":{"message":"late-assigned ports for functions and eventarc emulators"}}
[warn] ⚠  functions: The following emulators are not running, calls to these services from the Functions emulator will affect production: auth, firestore, database, hosting, pubsub, storage, dataconnect {"metadata":{"emulator":{"name":"functions"},"message":"The following emulators are not running, calls to these services from the Functions emulator will affect production: \u001b[1mauth, firestore, database, hosting, pubsub, storage, dataconnect\u001b[22m"}}
[debug] [2024-06-24T12:29:25.184Z] defaultcredentials: writing to file /home/adriantori/.config/firebase/adriantori11_gmail_com_application_default_credentials.json
[debug] [2024-06-24T12:29:25.189Z] Setting GAC to /home/adriantori/.config/firebase/adriantori11_gmail_com_application_default_credentials.json {"metadata":{"emulator":{"name":"functions"},"message":"Setting GAC to /home/adriantori/.config/firebase/adriantori11_gmail_com_application_default_credentials.json"}}
[debug] [2024-06-24T12:29:25.192Z] >>> [apiv2][query] GET https://firebase.googleapis.com/v1beta1/projects/ebuddy-11b3e/adminSdkConfig [none]
[debug] [2024-06-24T12:29:25.838Z] <<< [apiv2][status] GET https://firebase.googleapis.com/v1beta1/projects/ebuddy-11b3e/adminSdkConfig 200
[debug] [2024-06-24T12:29:25.838Z] <<< [apiv2][body] GET https://firebase.googleapis.com/v1beta1/projects/ebuddy-11b3e/adminSdkConfig {"projectId":"ebuddy-11b3e","storageBucket":"ebuddy-11b3e.appspot.com"}
[debug] [2024-06-24T12:29:25.866Z] Ignoring unsupported arg: auto_download {"metadata":{"emulator":{"name":"ui"},"message":"Ignoring unsupported arg: auto_download"}}
[debug] [2024-06-24T12:29:25.866Z] Ignoring unsupported arg: port {"metadata":{"emulator":{"name":"ui"},"message":"Ignoring unsupported arg: port"}}
[debug] [2024-06-24T12:29:25.866Z] Starting Emulator UI with command {"binary":"node","args":["/home/adriantori/.cache/firebase/emulators/ui-v1.12.1/server/server.mjs"],"optionalArgs":[],"joinArgs":false,"shell":false} {"metadata":{"emulator":{"name":"ui"},"message":"Starting Emulator UI with command {\"binary\":\"node\",\"args\":[\"/home/adriantori/.cache/firebase/emulators/ui-v1.12.1/server/server.mjs\"],\"optionalArgs\":[],\"joinArgs\":false,\"shell\":false}"}}
[info] i  ui: Emulator UI logging to ui-debug.log {"metadata":{"emulator":{"name":"ui"},"message":"Emulator UI logging to \u001b[1mui-debug.log\u001b[22m"}}
[debug] [2024-06-24T12:29:26.104Z] Web / API server started at 127.0.0.1:4000
 {"metadata":{"emulator":{"name":"ui"},"message":"Web / API server started at 127.0.0.1:4000\n"}}
[debug] [2024-06-24T12:29:26.105Z] Web / API server started at ::1:4000
 {"metadata":{"emulator":{"name":"ui"},"message":"Web / API server started at ::1:4000\n"}}
[info] i  functions: Watching "/home/adriantori/Documents/eBuddy/Test/backend-repo/" for Cloud Functions... {"metadata":{"emulator":{"name":"functions"},"message":"Watching \"/home/adriantori/Documents/eBuddy/Test/backend-repo/\" for Cloud Functions..."}}
[debug] [2024-06-24T12:29:26.306Z] Validating nodejs source
[debug] [2024-06-24T12:29:27.415Z] > [functions] package.json contents: {
  "name": "functions",
  "scripts": {
    "lint": "eslint --ext .js,.ts .",
    "build": "tsc",
    "build:watch": "tsc --watch",
    "serve": "npm run build && firebase emulators:start --only functions",
    "shell": "npm run build && firebase functions:shell",
    "start": "ts-node src/core/app.ts",
    "deploy": "firebase deploy --only functions",
    "logs": "firebase functions:log"
  },
  "engines": {
    "node": "20"
  },
  "main": "dist/index.js",
  "dependencies": {
    "body-parser": "^1.20.2",
    "express": "^4.19.2",
    "firebase-admin": "^12.1.0",
    "firebase-functions": "^5.0.0"
  },
  "devDependencies": {
    "@types/express": "^4.17.21",
    "@types/node": "^20.14.8",
    "@typescript-eslint/eslint-plugin": "^5.12.0",
    "@typescript-eslint/parser": "^5.12.0",
    "eslint": "^8.9.0",
    "eslint-config-google": "^0.14.0",
    "eslint-plugin-import": "^2.25.4",
    "firebase-functions-test": "^3.1.0",
    "ts-node": "^10.9.2",
    "typescript": "^4.9.0"
  },
  "private": true
}
[debug] [2024-06-24T12:29:27.415Z] Building nodejs source
[debug] [2024-06-24T12:29:27.416Z] Failed to find version of module node: reached end of search path /home/adriantori/Documents/eBuddy/Test/backend-repo/node_modules
[info] ✔  functions: Using node@20 from host. 
[debug] [2024-06-24T12:29:27.420Z] Could not find functions.yaml. Must use http discovery
[debug] [2024-06-24T12:29:27.425Z] Found firebase-functions binary at '/home/adriantori/Documents/eBuddy/Test/backend-repo/node_modules/.bin/firebase-functions'
[info] Serving at port 8256

[debug] [2024-06-24T12:29:28.104Z] Got response from /__/functions.yaml {"endpoints":{"api":{"platform":"gcfv1","availableMemoryMb":null,"timeoutSeconds":null,"minInstances":null,"maxInstances":null,"ingressSettings":null,"serviceAccountEmail":null,"vpc":null,"httpsTrigger":{},"entryPoint":"api"}},"specVersion":"v1alpha1","requiredAPIs":[]}
[info] ✔  functions: Loaded functions definitions from source: api. {"metadata":{"emulator":{"name":"functions"},"message":"Loaded functions definitions from source: api."}}
[info] ✔  functions[us-central1-api]: http function initialized (http://127.0.0.1:5001/ebuddy-11b3e/us-central1/api). {"metadata":{"emulator":{"name":"functions"},"message":"\u001b[1mhttp\u001b[22m function initialized (http://127.0.0.1:5001/ebuddy-11b3e/us-central1/api)."}}
[info] 
┌─────────────────────────────────────────────────────────────┐
│ ✔  All emulators ready! It is now safe to connect your app. │
│ i  View Emulator UI at http://127.0.0.1:4000/               │
└─────────────────────────────────────────────────────────────┘

┌───────────┬────────────────┬─────────────────────────────────┐
│ Emulator  │ Host:Port      │ View in Emulator UI             │
├───────────┼────────────────┼─────────────────────────────────┤
│ Functions │ 127.0.0.1:5001 │ http://127.0.0.1:4000/functions │
└───────────┴────────────────┴─────────────────────────────────┘
  Emulator Hub running at 127.0.0.1:4400
  Other reserved ports: 4500

Issues? Report them at https://github.com/firebase/firebase-tools/issues and attach the *-debug.log files.
 
[debug] [2024-06-24T12:29:36.071Z] [work-queue] {"queuedWork":["/ebuddy-11b3e/us-central1/api/-2024-06-24T12:29:36.071Z"],"queueLength":1,"runningWork":[],"workRunningCount":0}
[debug] [2024-06-24T12:29:36.071Z] [work-queue] {"queuedWork":[],"queueLength":0,"runningWork":["/ebuddy-11b3e/us-central1/api/-2024-06-24T12:29:36.071Z"],"workRunningCount":1}
[debug] [2024-06-24T12:29:36.072Z] Accepted request GET /ebuddy-11b3e/us-central1/api/ --> us-central1-api
[debug] [2024-06-24T12:29:36.073Z] [functions] Runtime ready! Sending request! {"metadata":{"emulator":{"name":"functions"},"message":"[functions] Runtime ready! Sending request!"}}
[debug] [2024-06-24T12:29:36.074Z] [functions] Got req.url=/ebuddy-11b3e/us-central1/api/, mapping to path=/ {"metadata":{"emulator":{"name":"functions"},"message":"[functions] Got req.url=/ebuddy-11b3e/us-central1/api/, mapping to path=/"}}
[debug] [2024-06-24T12:29:36.086Z] [worker-pool] addWorker(us-central1-api) {"metadata":{"emulator":{"name":"functions"},"message":"[worker-pool] addWorker(us-central1-api)"}}
[debug] [2024-06-24T12:29:36.089Z] [worker-pool] Adding worker with key us-central1-api, total=1 {"metadata":{"emulator":{"name":"functions"},"message":"[worker-pool] Adding worker with key us-central1-api, total=1"}}
[debug] [2024-06-24T12:29:37.828Z] [runtime-status] [47960] Resolved module firebase-admin {"declared":true,"installed":true,"version":"12.2.0","resolution":"/home/adriantori/Documents/eBuddy/Test/backend-repo/node_modules/firebase-admin/lib/index.js"} {"metadata":{"emulator":{"name":"functions"},"function":{"name":"us-central1-api"},"extension":{},"message":"[runtime-status] [47960] Resolved module firebase-admin {\"declared\":true,\"installed\":true,\"version\":\"12.2.0\",\"resolution\":\"/home/adriantori/Documents/eBuddy/Test/backend-repo/node_modules/firebase-admin/lib/index.js\"}"}}
[debug] [2024-06-24T12:29:37.832Z] [runtime-status] [47960] Resolved module firebase-functions {"declared":true,"installed":true,"version":"5.0.1","resolution":"/home/adriantori/Documents/eBuddy/Test/backend-repo/node_modules/firebase-functions/lib/v1/index.js"} {"metadata":{"emulator":{"name":"functions"},"function":{"name":"us-central1-api"},"extension":{},"message":"[runtime-status] [47960] Resolved module firebase-functions {\"declared\":true,\"installed\":true,\"version\":\"5.0.1\",\"resolution\":\"/home/adriantori/Documents/eBuddy/Test/backend-repo/node_modules/firebase-functions/lib/v1/index.js\"}"}}
[debug] [2024-06-24T12:29:37.832Z] [runtime-status] [47960] Outgoing network have been stubbed. [{"name":"http","status":"mocked"},{"name":"http","status":"mocked"},{"name":"https","status":"mocked"},{"name":"https","status":"mocked"},{"name":"net","status":"mocked"}] {"metadata":{"emulator":{"name":"functions"},"function":{"name":"us-central1-api"},"extension":{},"message":"[runtime-status] [47960] Outgoing network have been stubbed. [{\"name\":\"http\",\"status\":\"mocked\"},{\"name\":\"http\",\"status\":\"mocked\"},{\"name\":\"https\",\"status\":\"mocked\"},{\"name\":\"https\",\"status\":\"mocked\"},{\"name\":\"net\",\"status\":\"mocked\"}]"}}
[debug] [2024-06-24T12:29:37.833Z] [runtime-status] [47960] Resolved module firebase-functions {"declared":true,"installed":true,"version":"5.0.1","resolution":"/home/adriantori/Documents/eBuddy/Test/backend-repo/node_modules/firebase-functions/lib/v1/index.js"} {"metadata":{"emulator":{"name":"functions"},"function":{"name":"us-central1-api"},"extension":{},"message":"[runtime-status] [47960] Resolved module firebase-functions {\"declared\":true,\"installed\":true,\"version\":\"5.0.1\",\"resolution\":\"/home/adriantori/Documents/eBuddy/Test/backend-repo/node_modules/firebase-functions/lib/v1/index.js\"}"}}
[debug] [2024-06-24T12:29:38.160Z] [runtime-status] [47960] Checked functions.config() {"config":{}} {"metadata":{"emulator":{"name":"functions"},"function":{"name":"us-central1-api"},"extension":{},"message":"[runtime-status] [47960] Checked functions.config() {\"config\":{}}"}}
[debug] [2024-06-24T12:29:38.161Z] [runtime-status] [47960] firebase-functions has been stubbed. {"functionsResolution":{"declared":true,"installed":true,"version":"5.0.1","resolution":"/home/adriantori/Documents/eBuddy/Test/backend-repo/node_modules/firebase-functions/lib/v1/index.js"}} {"metadata":{"emulator":{"name":"functions"},"function":{"name":"us-central1-api"},"extension":{},"message":"[runtime-status] [47960] firebase-functions has been stubbed. {\"functionsResolution\":{\"declared\":true,\"installed\":true,\"version\":\"5.0.1\",\"resolution\":\"/home/adriantori/Documents/eBuddy/Test/backend-repo/node_modules/firebase-functions/lib/v1/index.js\"}}"}}
[debug] [2024-06-24T12:29:38.162Z] [runtime-status] [47960] Resolved module firebase-functions {"declared":true,"installed":true,"version":"5.0.1","resolution":"/home/adriantori/Documents/eBuddy/Test/backend-repo/node_modules/firebase-functions/lib/v1/index.js"} {"metadata":{"emulator":{"name":"functions"},"function":{"name":"us-central1-api"},"extension":{},"message":"[runtime-status] [47960] Resolved module firebase-functions {\"declared\":true,\"installed\":true,\"version\":\"5.0.1\",\"resolution\":\"/home/adriantori/Documents/eBuddy/Test/backend-repo/node_modules/firebase-functions/lib/v1/index.js\"}"}}
[debug] [2024-06-24T12:29:38.164Z] [runtime-status] [47960] Resolved module firebase-admin {"declared":true,"installed":true,"version":"12.2.0","resolution":"/home/adriantori/Documents/eBuddy/Test/backend-repo/node_modules/firebase-admin/lib/index.js"} {"metadata":{"emulator":{"name":"functions"},"function":{"name":"us-central1-api"},"extension":{},"message":"[runtime-status] [47960] Resolved module firebase-admin {\"declared\":true,\"installed\":true,\"version\":\"12.2.0\",\"resolution\":\"/home/adriantori/Documents/eBuddy/Test/backend-repo/node_modules/firebase-admin/lib/index.js\"}"}}
[debug] [2024-06-24T12:29:38.165Z] [runtime-status] [47960] Resolved module firebase-functions {"declared":true,"installed":true,"version":"5.0.1","resolution":"/home/adriantori/Documents/eBuddy/Test/backend-repo/node_modules/firebase-functions/lib/v1/index.js"} {"metadata":{"emulator":{"name":"functions"},"function":{"name":"us-central1-api"},"extension":{},"message":"[runtime-status] [47960] Resolved module firebase-functions {\"declared\":true,\"installed\":true,\"version\":\"5.0.1\",\"resolution\":\"/home/adriantori/Documents/eBuddy/Test/backend-repo/node_modules/firebase-functions/lib/v1/index.js\"}"}}
[debug] [2024-06-24T12:29:38.166Z] [runtime-status] [47960] firebase-admin has been stubbed. {"adminResolution":{"declared":true,"installed":true,"version":"12.2.0","resolution":"/home/adriantori/Documents/eBuddy/Test/backend-repo/node_modules/firebase-admin/lib/index.js"}} {"metadata":{"emulator":{"name":"functions"},"function":{"name":"us-central1-api"},"extension":{},"message":"[runtime-status] [47960] firebase-admin has been stubbed. {\"adminResolution\":{\"declared\":true,\"installed\":true,\"version\":\"12.2.0\",\"resolution\":\"/home/adriantori/Documents/eBuddy/Test/backend-repo/node_modules/firebase-admin/lib/index.js\"}}"}}
[debug] [2024-06-24T12:29:38.362Z] [runtime-status] [47960] initializeApp(DEFAULT) {"credential":{"implicit":false,"projectId":"ebuddy-11b3e","privateKey":"-----BEGIN PRIVATE KEY-----\nMIIEvgIBADANBgkqhkiG9w0BAQEFAASCBKgwggSkAgEAAoIBAQDfXKmxdhlHrW7M\nNcixlz+4MAnKgY5FiUqokFN80IzvudScuJfys6DBIBM8wc35m5ZivKFTKMSc1+D7\n88GJCt6UYrI8WijKyng+7VXoHMZ1QAYLkDGDrdqD9gK12xjcCIUYNImwH/Ya5yCd\n6EX281LVmDcFMhWN8jPZDRPFEX+G0zy7g5tatbZOWA8+VtfpJx8FGtVHQ6Vfouko\nQQ6goRFmERZ2xixO12p3Qcrn8ZNx6E+vo0Ld9LE/EKlH2RIjmg49r8ddz9q2otVd\nLj7jL69DDHhve3lAOxhgvrDZnyG7lkZJKy+zH52YxJxpdzD0GBXGgrumxJ3mBoiC\nXsv0Rv0tAgMBAAECggEAQZcnaaphgA/o4mTE24mrt3270lC7I6ZOWzOOoK9pQ5hR\nW/hE/otLIIs3uva6cpsCzVnREed93QTz12jcI08iz3YwGtLq+an9J5VwTantiU7U\nt56PO7jY2zlp0FdXdH23/8SlzieEkJ/gjx4/NWZ8o6aAObFcbQN7wDg73vnldgST\nbcK34F9xzxrZEWeJ+1nJ7TfEcgXysPpG6oR3l7goDZJHqnb6gmgbKx6vo+4YzHlD\ncxANEmI5R/JEK55tNDyDsXg43enu39H1Ega9nABDHxSKoo7N3cX0IbwgtHEt0FU1\nK/FOwXDIpLlqHjXdIEI35l821oxCedyqHrjp6OhEbQKBgQD0rrQQTWNodqxn0ZoV\nnAzrIUyQOc8PH1JB3rG3nmK9NjZ62WWAc9D/Om4sLJKb1sTZaa1KCzD/qomNWRob\n32ipe3Z56bEppYtWP/RQknlws2n1HUXGRk8thdwKnY6MUwxwCg13pcretQM0dMIS\ncvo5TODi3W4lir9ocxpbpl65rwKBgQDpsYC0xDH9n4bU0lgtHnRqCvirDmhuu0Ru\nIXZNwuN90CCPjZe6shYN+SJHZSL2/Iykp1AKAP+w3A86gKLUjMXz+ExYxZyPOrdq\noQo1JxdVzwYpyHJgv3lp6HahR1VP/asqVz1lOQ+005RM8bb6G6gRivoJjisho1+n\nlxT32w3Z4wKBgQCc6lElx0uCGeE071GenCYYwJEmSTyF2TNadOOJ+zQdXeAQZszW\nVO/qTmGLSMZ41IIHX+M3AfhZbdeq40KAL4Uic8AmLP1l1PmHxZn79gOViCnifPRb\nVInAiwDzedmKGlR2oavDWHrC2lkE0gAH7t6T0r7CHvldcB6ScIat0gMblwKBgQC7\nM8EJjX0KUYd95r5R7mqNJBrNVG5d/c+0dUPCyRLZjyb2OBPKr6wxJ1jJXoAi4G59\n27WnPeOVtsLQN4m4wMg2RrpKBosCxaN2XGjD6Xus9nlWcUcGr3vAVkLpsS3rNSav\ndVEuTAaD8VWEScEtG4iH/Q+NJgDxImGW69UVM7olxwKBgCUFFFcofuLL3B6wlAj0\n9zlSTmHqFedZE0lBmDV2k/1XptSYjh4tVNktyfGocT9PgLDXHf38GcHbXET3es4N\ncS3n0btX1gI188uL63Ds0XO+DpWq6ZENzSzGuEfi1QPk9We0xPMxWihr2YjL02ST\nQioLVRMKEQOjBMUOCL1629KE\n-----END PRIVATE KEY-----\n","clientEmail":"firebase-adminsdk-jh4mz@ebuddy-11b3e.iam.gserviceaccount.com","httpClient":{"retry":{"maxRetries":4,"statusCodes":[503],"ioErrorCodes":["ECONNRESET","ETIMEDOUT"],"backOffFactor":0.5,"maxDelayInMillis":60000}}}} {"metadata":{"emulator":{"name":"functions"},"function":{"name":"us-central1-api"},"extension":{},"message":"[runtime-status] [47960] initializeApp(DEFAULT) {\"credential\":{\"implicit\":false,\"projectId\":\"ebuddy-11b3e\",\"privateKey\":\"-----BEGIN PRIVATE KEY-----\\nMIIEvgIBADANBgkqhkiG9w0BAQEFAASCBKgwggSkAgEAAoIBAQDfXKmxdhlHrW7M\\nNcixlz+4MAnKgY5FiUqokFN80IzvudScuJfys6DBIBM8wc35m5ZivKFTKMSc1+D7\\n88GJCt6UYrI8WijKyng+7VXoHMZ1QAYLkDGDrdqD9gK12xjcCIUYNImwH/Ya5yCd\\n6EX281LVmDcFMhWN8jPZDRPFEX+G0zy7g5tatbZOWA8+VtfpJx8FGtVHQ6Vfouko\\nQQ6goRFmERZ2xixO12p3Qcrn8ZNx6E+vo0Ld9LE/EKlH2RIjmg49r8ddz9q2otVd\\nLj7jL69DDHhve3lAOxhgvrDZnyG7lkZJKy+zH52YxJxpdzD0GBXGgrumxJ3mBoiC\\nXsv0Rv0tAgMBAAECggEAQZcnaaphgA/o4mTE24mrt3270lC7I6ZOWzOOoK9pQ5hR\\nW/hE/otLIIs3uva6cpsCzVnREed93QTz12jcI08iz3YwGtLq+an9J5VwTantiU7U\\nt56PO7jY2zlp0FdXdH23/8SlzieEkJ/gjx4/NWZ8o6aAObFcbQN7wDg73vnldgST\\nbcK34F9xzxrZEWeJ+1nJ7TfEcgXysPpG6oR3l7goDZJHqnb6gmgbKx6vo+4YzHlD\\ncxANEmI5R/JEK55tNDyDsXg43enu39H1Ega9nABDHxSKoo7N3cX0IbwgtHEt0FU1\\nK/FOwXDIpLlqHjXdIEI35l821oxCedyqHrjp6OhEbQKBgQD0rrQQTWNodqxn0ZoV\\nnAzrIUyQOc8PH1JB3rG3nmK9NjZ62WWAc9D/Om4sLJKb1sTZaa1KCzD/qomNWRob\\n32ipe3Z56bEppYtWP/RQknlws2n1HUXGRk8thdwKnY6MUwxwCg13pcretQM0dMIS\\ncvo5TODi3W4lir9ocxpbpl65rwKBgQDpsYC0xDH9n4bU0lgtHnRqCvirDmhuu0Ru\\nIXZNwuN90CCPjZe6shYN+SJHZSL2/Iykp1AKAP+w3A86gKLUjMXz+ExYxZyPOrdq\\noQo1JxdVzwYpyHJgv3lp6HahR1VP/asqVz1lOQ+005RM8bb6G6gRivoJjisho1+n\\nlxT32w3Z4wKBgQCc6lElx0uCGeE071GenCYYwJEmSTyF2TNadOOJ+zQdXeAQZszW\\nVO/qTmGLSMZ41IIHX+M3AfhZbdeq40KAL4Uic8AmLP1l1PmHxZn79gOViCnifPRb\\nVInAiwDzedmKGlR2oavDWHrC2lkE0gAH7t6T0r7CHvldcB6ScIat0gMblwKBgQC7\\nM8EJjX0KUYd95r5R7mqNJBrNVG5d/c+0dUPCyRLZjyb2OBPKr6wxJ1jJXoAi4G59\\n27WnPeOVtsLQN4m4wMg2RrpKBosCxaN2XGjD6Xus9nlWcUcGr3vAVkLpsS3rNSav\\ndVEuTAaD8VWEScEtG4iH/Q+NJgDxImGW69UVM7olxwKBgCUFFFcofuLL3B6wlAj0\\n9zlSTmHqFedZE0lBmDV2k/1XptSYjh4tVNktyfGocT9PgLDXHf38GcHbXET3es4N\\ncS3n0btX1gI188uL63Ds0XO+DpWq6ZENzSzGuEfi1QPk9We0xPMxWihr2YjL02ST\\nQioLVRMKEQOjBMUOCL1629KE\\n-----END PRIVATE KEY-----\\n\",\"clientEmail\":\"firebase-adminsdk-jh4mz@ebuddy-11b3e.iam.gserviceaccount.com\",\"httpClient\":{\"retry\":{\"maxRetries\":4,\"statusCodes\":[503],\"ioErrorCodes\":[\"ECONNRESET\",\"ETIMEDOUT\"],\"backOffFactor\":0.5,\"maxDelayInMillis\":60000}}}}"}}
[debug] [2024-06-24T12:29:38.384Z] [runtime-status] [47960] Functions runtime initialized. {"cwd":"/home/adriantori/Documents/eBuddy/Test/backend-repo","node_version":"20.15.0"} {"metadata":{"emulator":{"name":"functions"},"function":{"name":"us-central1-api"},"extension":{},"message":"[runtime-status] [47960] Functions runtime initialized. {\"cwd\":\"/home/adriantori/Documents/eBuddy/Test/backend-repo\",\"node_version\":\"20.15.0\"}"}}
[debug] [2024-06-24T12:29:38.386Z] [runtime-status] [47960] Listening to port: /tmp/fire_emu_b1bc01e76a3289b6.sock {"metadata":{"emulator":{"name":"functions"},"function":{"name":"us-central1-api"},"extension":{},"message":"[runtime-status] [47960] Listening to port: /tmp/fire_emu_b1bc01e76a3289b6.sock"}}
[debug] [2024-06-24T12:29:38.431Z] [worker-us-central1-api-d4585191-99e0-4830-a8b7-da809e43d6d5]: IDLE {"metadata":{"emulator":{"name":"functions"},"function":{"name":"us-central1-api"},"extension":{},"message":"[worker-us-central1-api-d4585191-99e0-4830-a8b7-da809e43d6d5]: IDLE"}}
[debug] [2024-06-24T12:29:38.432Z] [worker-pool] submitRequest(triggerId=us-central1-api) {"metadata":{"emulator":{"name":"functions"},"message":"[worker-pool] submitRequest(triggerId=us-central1-api)"}}
[info] i  functions: Beginning execution of "us-central1-api" {"metadata":{"emulator":{"name":"functions"},"function":{"name":"us-central1-api"},"extension":{},"message":"Beginning execution of \"us-central1-api\""}}
[debug] [2024-06-24T12:29:38.433Z] [worker-us-central1-api-d4585191-99e0-4830-a8b7-da809e43d6d5]: BUSY {"metadata":{"emulator":{"name":"functions"},"function":{"name":"us-central1-api"},"extension":{},"message":"[worker-us-central1-api-d4585191-99e0-4830-a8b7-da809e43d6d5]: BUSY"}}
[debug] [2024-06-24T12:29:38.468Z] Finishing up request with event=pause {"metadata":{"emulator":{"name":"functions"},"function":{"name":"us-central1-api"},"extension":{},"message":"Finishing up request with event=pause"}}
[info] i  functions: Finished "us-central1-api" in 49.76163ms {"metadata":{"emulator":{"name":"functions"},"function":{"name":"us-central1-api"},"extension":{},"message":"Finished \"us-central1-api\" in 49.76163ms"}}
[debug] [2024-06-24T12:29:38.483Z] [worker-us-central1-api-d4585191-99e0-4830-a8b7-da809e43d6d5]: IDLE {"metadata":{"emulator":{"name":"functions"},"function":{"name":"us-central1-api"},"extension":{},"message":"[worker-us-central1-api-d4585191-99e0-4830-a8b7-da809e43d6d5]: IDLE"}}
[debug] [2024-06-24T12:29:38.484Z] Finishing up request with event=finish {"metadata":{"emulator":{"name":"functions"},"function":{"name":"us-central1-api"},"extension":{},"message":"Finishing up request with event=finish"}}
[debug] [2024-06-24T12:29:38.485Z] Finishing up request with event=close {"metadata":{"emulator":{"name":"functions"},"function":{"name":"us-central1-api"},"extension":{},"message":"Finishing up request with event=close"}}
[debug] [2024-06-24T12:29:38.485Z] [work-queue] {"queuedWork":[],"queueLength":0,"runningWork":[],"workRunningCount":0}
[debug] [2024-06-24T12:29:52.969Z] [work-queue] {"queuedWork":["/ebuddy-11b3e/us-central1/api/api/get-user/1-2024-06-24T12:29:52.969Z"],"queueLength":1,"runningWork":[],"workRunningCount":0}
[debug] [2024-06-24T12:29:52.969Z] [work-queue] {"queuedWork":[],"queueLength":0,"runningWork":["/ebuddy-11b3e/us-central1/api/api/get-user/1-2024-06-24T12:29:52.969Z"],"workRunningCount":1}
[debug] [2024-06-24T12:29:52.970Z] Accepted request GET /ebuddy-11b3e/us-central1/api/api/get-user/1 --> us-central1-api
[debug] [2024-06-24T12:29:52.977Z] [functions] Runtime ready! Sending request! {"metadata":{"emulator":{"name":"functions"},"message":"[functions] Runtime ready! Sending request!"}}
[debug] [2024-06-24T12:29:52.978Z] [functions] Got req.url=/ebuddy-11b3e/us-central1/api/api/get-user/1, mapping to path=/api/get-user/1 {"metadata":{"emulator":{"name":"functions"},"message":"[functions] Got req.url=/ebuddy-11b3e/us-central1/api/api/get-user/1, mapping to path=/api/get-user/1"}}
[debug] [2024-06-24T12:29:52.978Z] [worker-pool] submitRequest(triggerId=us-central1-api) {"metadata":{"emulator":{"name":"functions"},"message":"[worker-pool] submitRequest(triggerId=us-central1-api)"}}
[info] i  functions: Beginning execution of "us-central1-api" {"metadata":{"emulator":{"name":"functions"},"function":{"name":"us-central1-api"},"extension":{},"message":"Beginning execution of \"us-central1-api\""}}
[debug] [2024-06-24T12:29:52.979Z] [worker-us-central1-api-d4585191-99e0-4830-a8b7-da809e43d6d5]: BUSY {"metadata":{"emulator":{"name":"functions"},"function":{"name":"us-central1-api"},"extension":{},"message":"[worker-us-central1-api-d4585191-99e0-4830-a8b7-da809e43d6d5]: BUSY"}}
[debug] [2024-06-24T12:29:52.991Z] Finishing up request with event=pause {"metadata":{"emulator":{"name":"functions"},"function":{"name":"us-central1-api"},"extension":{},"message":"Finishing up request with event=pause"}}
[info] i  functions: Finished "us-central1-api" in 15.037191ms {"metadata":{"emulator":{"name":"functions"},"function":{"name":"us-central1-api"},"extension":{},"message":"Finished \"us-central1-api\" in 15.037191ms"}}
[debug] [2024-06-24T12:29:52.996Z] [worker-us-central1-api-d4585191-99e0-4830-a8b7-da809e43d6d5]: IDLE {"metadata":{"emulator":{"name":"functions"},"function":{"name":"us-central1-api"},"extension":{},"message":"[worker-us-central1-api-d4585191-99e0-4830-a8b7-da809e43d6d5]: IDLE"}}
[debug] [2024-06-24T12:29:52.996Z] Finishing up request with event=finish {"metadata":{"emulator":{"name":"functions"},"function":{"name":"us-central1-api"},"extension":{},"message":"Finishing up request with event=finish"}}
[debug] [2024-06-24T12:29:52.997Z] Finishing up request with event=close {"metadata":{"emulator":{"name":"functions"},"function":{"name":"us-central1-api"},"extension":{},"message":"Finishing up request with event=close"}}
[debug] [2024-06-24T12:29:52.997Z] [work-queue] {"queuedWork":[],"queueLength":0,"runningWork":[],"workRunningCount":0}
[debug] [2024-06-24T12:31:06.096Z] Functions emulator received unknown request at path /my-project/us-central1/api/api/update-user-data
[debug] [2024-06-24T12:31:13.742Z] Functions emulator received unknown request at path /my-project/us-central1/api/api/update-user
[debug] [2024-06-24T12:31:37.036Z] [work-queue] {"queuedWork":["/ebuddy-11b3e/us-central1/api/api/update-user-2024-06-24T12:31:37.036Z"],"queueLength":1,"runningWork":[],"workRunningCount":0}
[debug] [2024-06-24T12:31:37.036Z] [work-queue] {"queuedWork":[],"queueLength":0,"runningWork":["/ebuddy-11b3e/us-central1/api/api/update-user-2024-06-24T12:31:37.036Z"],"workRunningCount":1}
[debug] [2024-06-24T12:31:37.037Z] Accepted request PUT /ebuddy-11b3e/us-central1/api/api/update-user --> us-central1-api
[debug] [2024-06-24T12:31:37.045Z] [functions] Runtime ready! Sending request! {"metadata":{"emulator":{"name":"functions"},"message":"[functions] Runtime ready! Sending request!"}}
[debug] [2024-06-24T12:31:37.047Z] [functions] Got req.url=/ebuddy-11b3e/us-central1/api/api/update-user, mapping to path=/api/update-user {"metadata":{"emulator":{"name":"functions"},"message":"[functions] Got req.url=/ebuddy-11b3e/us-central1/api/api/update-user, mapping to path=/api/update-user"}}
[debug] [2024-06-24T12:31:37.047Z] [worker-pool] submitRequest(triggerId=us-central1-api) {"metadata":{"emulator":{"name":"functions"},"message":"[worker-pool] submitRequest(triggerId=us-central1-api)"}}
[info] i  functions: Beginning execution of "us-central1-api" {"metadata":{"emulator":{"name":"functions"},"function":{"name":"us-central1-api"},"extension":{},"message":"Beginning execution of \"us-central1-api\""}}
[debug] [2024-06-24T12:31:37.048Z] [worker-us-central1-api-d4585191-99e0-4830-a8b7-da809e43d6d5]: BUSY {"metadata":{"emulator":{"name":"functions"},"function":{"name":"us-central1-api"},"extension":{},"message":"[worker-us-central1-api-d4585191-99e0-4830-a8b7-da809e43d6d5]: BUSY"}}
[debug] [2024-06-24T12:31:37.062Z] Finishing up request with event=pause {"metadata":{"emulator":{"name":"functions"},"function":{"name":"us-central1-api"},"extension":{},"message":"Finishing up request with event=pause"}}
[info] i  functions: Finished "us-central1-api" in 14.135136ms {"metadata":{"emulator":{"name":"functions"},"function":{"name":"us-central1-api"},"extension":{},"message":"Finished \"us-central1-api\" in 14.135136ms"}}
[debug] [2024-06-24T12:31:37.065Z] [worker-us-central1-api-d4585191-99e0-4830-a8b7-da809e43d6d5]: IDLE {"metadata":{"emulator":{"name":"functions"},"function":{"name":"us-central1-api"},"extension":{},"message":"[worker-us-central1-api-d4585191-99e0-4830-a8b7-da809e43d6d5]: IDLE"}}
[debug] [2024-06-24T12:31:37.066Z] Finishing up request with event=finish {"metadata":{"emulator":{"name":"functions"},"function":{"name":"us-central1-api"},"extension":{},"message":"Finishing up request with event=finish"}}
[debug] [2024-06-24T12:31:37.066Z] Finishing up request with event=close {"metadata":{"emulator":{"name":"functions"},"function":{"name":"us-central1-api"},"extension":{},"message":"Finishing up request with event=close"}}
[debug] [2024-06-24T12:31:37.067Z] [work-queue] {"queuedWork":[],"queueLength":0,"runningWork":[],"workRunningCount":0}
